[2020-12-28 16:22:20,029] INFO Starting the log cleaner (kafka.log.LogCleaner)
[2020-12-28 16:22:20,103] INFO [kafka-log-cleaner-thread-0]: Starting (kafka.log.LogCleaner)
[2020-12-28 16:23:50,648] INFO Starting the log cleaner (kafka.log.LogCleaner)
[2020-12-28 16:23:50,712] INFO [kafka-log-cleaner-thread-0]: Starting (kafka.log.LogCleaner)
[2020-12-28 16:23:51,800] INFO Shutting down the log cleaner. (kafka.log.LogCleaner)
[2020-12-28 16:23:51,800] INFO [kafka-log-cleaner-thread-0]: Shutting down (kafka.log.LogCleaner)
[2020-12-28 16:23:51,801] INFO [kafka-log-cleaner-thread-0]: Stopped (kafka.log.LogCleaner)
[2020-12-28 16:23:51,801] INFO [kafka-log-cleaner-thread-0]: Shutdown completed (kafka.log.LogCleaner)
[2020-12-28 16:24:08,460] INFO Starting the log cleaner (kafka.log.LogCleaner)
[2020-12-28 16:24:08,526] INFO [kafka-log-cleaner-thread-0]: Starting (kafka.log.LogCleaner)
[2020-12-29 13:08:25,486] INFO Starting the log cleaner (kafka.log.LogCleaner)
[2020-12-29 13:08:25,547] INFO [kafka-log-cleaner-thread-0]: Starting (kafka.log.LogCleaner)
[2020-12-29 13:40:20,889] INFO Starting the log cleaner (kafka.log.LogCleaner)
[2020-12-29 13:40:20,969] INFO [kafka-log-cleaner-thread-0]: Starting (kafka.log.LogCleaner)
[2020-12-29 13:40:21,966] INFO Shutting down the log cleaner. (kafka.log.LogCleaner)
[2020-12-29 13:40:21,967] INFO [kafka-log-cleaner-thread-0]: Shutting down (kafka.log.LogCleaner)
[2020-12-29 13:40:21,967] INFO [kafka-log-cleaner-thread-0]: Stopped (kafka.log.LogCleaner)
[2020-12-29 13:40:21,967] INFO [kafka-log-cleaner-thread-0]: Shutdown completed (kafka.log.LogCleaner)
[2020-12-29 13:40:41,240] INFO Starting the log cleaner (kafka.log.LogCleaner)
[2020-12-29 13:40:41,335] INFO [kafka-log-cleaner-thread-0]: Starting (kafka.log.LogCleaner)
